[906][1568884915124][console][info]["EventBus\\x7einitialize - Success"]
[906][1568884915127][console][info]["Messaging\\x7eboot - Success"]
[906][1568884915137][console][info]["Telemetry\\x7eboot - Success"]
[906][1568884915141][console][info]["Settings\\x7eboot - Success"]
[906][1568884915227][console][info]["bootstrapModels - Success"]
[906][1568884915227][console][info]["WLModels\\x7eboot - Success"]
[906][1568884915242][console][info]["AppModels\\x7eboot - Success"]
[906][1568884915246][console][info]["ThemeManager\\x7eboot - Success"]
[906][1568884915250][console][info]["Shortcuts\\x7eboot - Success"]
[906][1568884915254][console][info]["Console\\x7eboot - Success"]
[906][1568884915255][console][info]["booted - console"]
[10399][1569584988412][console][info]["EventBus\\x7einitialize - Success"]
[10399][1569584988416][console][info]["Messaging\\x7eboot - Success"]
[10399][1569584988424][console][info]["Telemetry\\x7eboot - Success"]
[10399][1569584988426][console][info]["Settings\\x7eboot - Success"]
[10399][1569584988520][console][info]["bootstrapModels - Success"]
[10399][1569584988521][console][info]["WLModels\\x7eboot - Success"]
[10399][1569584988534][console][info]["AppModels\\x7eboot - Success"]
[10399][1569584988537][console][info]["ThemeManager\\x7eboot - Success"]
[10399][1569584988540][console][info]["Shortcuts\\x7eboot - Success"]
[10399][1569584988543][console][info]["Console\\x7eboot - Success"]
[10399][1569584988543][console][info]["booted - console"]
[5330][1570253145697][console][info]["EventBus\\x7einitialize - Success"]
[5330][1570253145700][console][info]["Messaging\\x7eboot - Success"]
[5330][1570253145712][console][info]["Telemetry\\x7eboot - Success"]
[5330][1570253145715][console][info]["Settings\\x7eboot - Success"]
[5330][1570253145800][console][info]["bootstrapModels - Success"]
[5330][1570253145801][console][info]["WLModels\\x7eboot - Success"]
[5330][1570253145814][console][info]["AppModels\\x7eboot - Success"]
[5330][1570253145817][console][info]["ThemeManager\\x7eboot - Success"]
[5330][1570253145819][console][info]["Shortcuts\\x7eboot - Success"]
[5330][1570253145822][console][info]["Console\\x7eboot - Success"]
[5330][1570253145823][console][info]["booted - console"]
[2399][1570787911877][console][info]["EventBus\\x7einitialize - Success"]
[2399][1570787911882][console][info]["Messaging\\x7eboot - Success"]
[2399][1570787911894][console][info]["Telemetry\\x7eboot - Success"]
[2399][1570787911896][console][info]["Settings\\x7eboot - Success"]
[2399][1570787911981][console][info]["bootstrapModels - Success"]
[2399][1570787911981][console][info]["WLModels\\x7eboot - Success"]
[2399][1570787911996][console][info]["AppModels\\x7eboot - Success"]
[2399][1570787911999][console][info]["ThemeManager\\x7eboot - Success"]
[2399][1570787912002][console][info]["Shortcuts\\x7eboot - Success"]
[2399][1570787912005][console][info]["Console\\x7eboot - Success"]
[2399][1570787912006][console][info]["booted - console"]
